<?xml version="1.0" encoding="UTF-8"?>
<!-- Generated by org.testng.reporters.JUnitXMLReporter -->
<testsuite ignored="0" hostname="LAPTOP-5E9R8M5S" failures="0" tests="6" name="Surefire test" time="0.037" errors="0" timestamp="2021-12-30T22:51:10 PST">
  <testcase classname="qaclickacademy.AppiumTest" name="IOSApps" time="0.003"/>
  <testcase classname="qaclickacademy.AppiumTest" name="nativeandirod" time="0.0"/>
  <testcase classname="qaclickacademy.AppTest" name="shouldAnswerWithTrue" time="0.002"/>
  <testcase classname="qaclickacademy.RestAPITest" name="postJira" time="0.001"/>
  <testcase classname="qaclickacademy.SeleniumTest" name="BrowserAutomation" time="0.0"/>
  <testcase classname="qaclickacademy.SeleniumTest" name="elementsui" time="0.001"/>
</testsuite> <!-- Surefire test -->
