<?xml version="1.0" encoding="UTF-8"?>
<!-- Generated by org.testng.reporters.JUnitXMLReporter -->
<testsuite ignored="0" hostname="LAPTOP-5E9R8M5S" failures="0" tests="5" name="Test" time="0.09" errors="0" timestamp="2022-01-01T21:00:28 PST">
  <testcase classname="qaclickacademy.SeleniumTest" name="BrowserAutomation" time="0.013"/>
  <testcase classname="qaclickacademy.SeleniumTest" name="elementsui" time="0.001"/>
  <testcase classname="qaclickacademy.RestAPITest" name="postJira" time="0.002"/>
  <testcase classname="qaclickacademy.AppiumTest" name="IOSApps" time="0.001"/>
  <testcase classname="qaclickacademy.AppiumTest" name="nativeandirod" time="0.002"/>
</testsuite> <!-- Test -->
