<?xml version="1.0" encoding="UTF-8"?>
<testng-results ignored="0" total="2" passed="2" failed="0" skipped="0">
  <reporter-output>
  </reporter-output>
  <suite started-at="2021-12-28T23:02:18 PST" name="Surefire suite" finished-at="2021-12-28T23:02:18 PST" duration-ms="39">
    <groups>
    </groups>
    <test started-at="2021-12-28T23:02:18 PST" name="Surefire test" finished-at="2021-12-28T23:02:18 PST" duration-ms="39">
      <class name="qaclickacademy.SeleniumTest">
        <test-method signature="BrowserAutomation()[pri:0, instance:qaclickacademy.SeleniumTest@c540f5a]" started-at="2021-12-28T23:02:18 PST" name="BrowserAutomation" finished-at="2021-12-28T23:02:18 PST" duration-ms="4" status="PASS">
          <reporter-output>
          </reporter-output>
        </test-method> <!-- BrowserAutomation -->
        <test-method signature="elementsui()[pri:0, instance:qaclickacademy.SeleniumTest@c540f5a]" started-at="2021-12-28T23:02:18 PST" name="elementsui" finished-at="2021-12-28T23:02:18 PST" duration-ms="1" status="PASS">
          <reporter-output>
          </reporter-output>
        </test-method> <!-- elementsui -->
      </class> <!-- qaclickacademy.SeleniumTest -->
    </test> <!-- Surefire test -->
  </suite> <!-- Surefire suite -->
</testng-results>
