<?xml version="1.0" encoding="UTF-8"?>
<!-- Generated by org.testng.reporters.JUnitXMLReporter -->
<testsuite ignored="0" hostname="LAPTOP-5E9R8M5S" failures="0" tests="3" name="Test" time="0.035" errors="0" timestamp="2021-12-30T23:31:50 PST">
  <testcase classname="qaclickacademy.SeleniumTest" name="BrowserAutomation" time="0.003"/>
  <testcase classname="qaclickacademy.SeleniumTest" name="elementsui" time="0.0"/>
  <testcase classname="qaclickacademy.RestAPITest" name="postJira" time="0.0"/>
</testsuite> <!-- Test -->
