<?xml version="1.0" encoding="UTF-8"?>
<testng-results ignored="0" total="3" passed="3" failed="0" skipped="0">
  <reporter-output>
  </reporter-output>
  <suite started-at="2021-12-30T23:31:50 PST" name="Suite" finished-at="2021-12-30T23:31:50 PST" duration-ms="35">
    <groups>
    </groups>
    <test started-at="2021-12-30T23:31:50 PST" name="Test" finished-at="2021-12-30T23:31:50 PST" duration-ms="35">
      <class name="qaclickacademy.RestAPITest">
        <test-method signature="postJira()[pri:0, instance:qaclickacademy.RestAPITest@147ed70f]" started-at="2021-12-30T23:31:50 PST" name="postJira" finished-at="2021-12-30T23:31:50 PST" duration-ms="0" status="PASS">
          <reporter-output>
          </reporter-output>
        </test-method> <!-- postJira -->
      </class> <!-- qaclickacademy.RestAPITest -->
      <class name="qaclickacademy.SeleniumTest">
        <test-method signature="BrowserAutomation()[pri:0, instance:qaclickacademy.SeleniumTest@3c72f59f]" started-at="2021-12-30T23:31:50 PST" name="BrowserAutomation" finished-at="2021-12-30T23:31:50 PST" duration-ms="3" status="PASS">
          <reporter-output>
          </reporter-output>
        </test-method> <!-- BrowserAutomation -->
        <test-method signature="elementsui()[pri:0, instance:qaclickacademy.SeleniumTest@3c72f59f]" started-at="2021-12-30T23:31:50 PST" name="elementsui" finished-at="2021-12-30T23:31:50 PST" duration-ms="0" status="PASS">
          <reporter-output>
          </reporter-output>
        </test-method> <!-- elementsui -->
      </class> <!-- qaclickacademy.SeleniumTest -->
    </test> <!-- Test -->
  </suite> <!-- Suite -->
</testng-results>
