<?xml version="1.0" encoding="UTF-8"?>
<testng-results skipped="0" failed="0" ignored="0" total="2" passed="2">
  <reporter-output>
  </reporter-output>
  <suite name="Default suite" duration-ms="36" started-at="2022-01-06T22:53:23 PST" finished-at="2022-01-06T22:53:23 PST">
    <groups>
    </groups>
    <test name="Default test" duration-ms="36" started-at="2022-01-06T22:53:23 PST" finished-at="2022-01-06T22:53:23 PST">
      <class name="qaclickacademy.SeleniumTest">
        <test-method status="PASS" signature="BrowserAutomation()[pri:0, instance:qaclickacademy.SeleniumTest@3578436e]" name="BrowserAutomation" duration-ms="7" started-at="2022-01-06T22:53:23 PST" finished-at="2022-01-06T22:53:23 PST">
          <reporter-output>
          </reporter-output>
        </test-method> <!-- BrowserAutomation -->
        <test-method status="PASS" signature="elementsui()[pri:0, instance:qaclickacademy.SeleniumTest@3578436e]" name="elementsui" duration-ms="0" started-at="2022-01-06T22:53:23 PST" finished-at="2022-01-06T22:53:23 PST">
          <reporter-output>
          </reporter-output>
        </test-method> <!-- elementsui -->
      </class> <!-- qaclickacademy.SeleniumTest -->
    </test> <!-- Default test -->
  </suite> <!-- Default suite -->
</testng-results>
